<?xml version="1.0" encoding="UTF-8"?>
<testsuite name="com.jimdo.kotlinTest.ShoppingCartTest" tests="1" skipped="0" failures="0" errors="0" timestamp="2018-05-30T12:09:02" hostname="ono-sendai.local" time="0.015">
  <properties/>
  <testcase name="testThis" classname="com.jimdo.kotlinTest.ShoppingCartTest" time="0.015"/>
  <system-out><![CDATA[]]></system-out>
  <system-err><![CDATA[]]></system-err>
</testsuite>
